<?xml version="1.0" encoding="UTF-8"?>
<!-- Generated by org.testng.reporters.JUnitXMLReporter -->
<testsuite hostname="user-PC" name="Default test" tests="4" failures="0" timestamp="3 Jan 2015 20:15:23 GMT" time="13.813" errors="0">
  <testcase name="testEmptyGroupCreation" time="1.648" classname="com.example.tests.GroupCreationTests"/>
  <testcase name="testNonEmptyGroupCreation" time="1.63" classname="com.example.tests.GroupCreationTests"/>
  <testcase name="testNonEmptyContactCreation" time="2.532" classname="com.example.tests.NonEmptyContactCreationTest"/>
  <testcase name="testEmptyContactCreation" time="1.904" classname="com.example.tests.EmptyContactCreationTest"/>
</testsuite> <!-- Default test -->
